<?xml version="1.0" encoding="UTF-8"?>
<!-- Generated by org.testng.reporters.JUnitReportReporter -->
<testsuite skipped="0" hostname="LAPTOP-79NOVCGA" name="etender.Etendertest" tests="2" failures="0" timestamp="2022-10-05T15:30:20 ICT" time="41.696" errors="0">
  <testcase name="launchbrowser" time="35.591" classname="etender.Etendertest"/>
  <system-out/>
  <testcase name="login" time="6.105" classname="etender.Etendertest"/>
  <system-out/>
</testsuite> <!-- etender.Etendertest -->
